Cache sync 1 at Wed Apr 29 13:51:43 UTC 2026
Cache sync 2 at Wed Apr 29 13:51:43 UTC 2026
Cache sync 3 at Wed Apr 29 13:51:43 UTC 2026
Cache sync 4 at Wed Apr 29 13:51:43 UTC 2026
Cache sync 5 at Wed Apr 29 13:51:43 UTC 2026
Cache sync 6 at Wed Apr 29 13:51:43 UTC 2026
Cache sync 7 at Wed Apr 29 13:51:43 UTC 2026
Cache sync 8 at Wed Apr 29 13:51:43 UTC 2026
Cache sync 9 at Wed Apr 29 13:51:43 UTC 2026
Cache sync 10 at Wed Apr 29 13:51:43 UTC 2026
Cache sync 1 at Wed Apr 29 19:22:40 UTC 2026
Cache sync 2 at Wed Apr 29 19:22:40 UTC 2026
Cache sync 3 at Wed Apr 29 19:22:40 UTC 2026
Cache sync 4 at Wed Apr 29 19:22:40 UTC 2026
Cache sync 5 at Wed Apr 29 19:22:40 UTC 2026
Cache sync 6 at Wed Apr 29 19:22:40 UTC 2026
Cache sync 7 at Wed Apr 29 19:22:40 UTC 2026
Cache sync 8 at Wed Apr 29 19:22:40 UTC 2026
Cache sync 9 at Wed Apr 29 19:22:40 UTC 2026
Cache sync 10 at Wed Apr 29 19:22:40 UTC 2026
Cache sync 11 at Wed Apr 29 19:22:40 UTC 2026
Cache sync 12 at Wed Apr 29 19:22:40 UTC 2026
Cache sync 13 at Wed Apr 29 19:22:40 UTC 2026
Cache sync 14 at Wed Apr 29 19:22:40 UTC 2026
Cache sync 15 at Wed Apr 29 19:22:40 UTC 2026
Cache sync 16 at Wed Apr 29 19:22:40 UTC 2026
Cache sync 17 at Wed Apr 29 19:22:40 UTC 2026
Cache sync 18 at Wed Apr 29 19:22:40 UTC 2026
Cache sync 19 at Wed Apr 29 19:22:40 UTC 2026
Cache sync 20 at Wed Apr 29 19:22:40 UTC 2026
Cache sync 21 at Wed Apr 29 19:22:40 UTC 2026
Cache sync 22 at Wed Apr 29 19:22:40 UTC 2026
Cache sync 23 at Wed Apr 29 19:22:40 UTC 2026
Cache sync 24 at Wed Apr 29 19:22:40 UTC 2026
Cache sync 25 at Wed Apr 29 19:22:40 UTC 2026
Cache sync 26 at Wed Apr 29 19:22:40 UTC 2026
Cache sync 27 at Wed Apr 29 19:22:40 UTC 2026
Cache sync 28 at Wed Apr 29 19:22:40 UTC 2026
Cache sync 29 at Wed Apr 29 19:22:40 UTC 2026
Cache sync 30 at Wed Apr 29 19:22:40 UTC 2026
Cache sync 31 at Wed Apr 29 19:22:40 UTC 2026
Cache sync 32 at Wed Apr 29 19:22:40 UTC 2026
Cache sync 33 at Wed Apr 29 19:22:40 UTC 2026
Cache sync 34 at Wed Apr 29 19:22:40 UTC 2026
Cache sync 35 at Wed Apr 29 19:22:40 UTC 2026
Cache sync 36 at Wed Apr 29 19:22:40 UTC 2026
Cache sync 37 at Wed Apr 29 19:22:40 UTC 2026
Cache sync 38 at Wed Apr 29 19:22:40 UTC 2026
Cache sync 39 at Wed Apr 29 19:22:40 UTC 2026
Cache sync 40 at Wed Apr 29 19:22:40 UTC 2026
Cache sync 41 at Wed Apr 29 19:22:40 UTC 2026
Cache sync 42 at Wed Apr 29 19:22:40 UTC 2026
Cache sync 43 at Wed Apr 29 19:22:40 UTC 2026
Cache sync 44 at Wed Apr 29 19:22:40 UTC 2026
Cache sync 45 at Wed Apr 29 19:22:40 UTC 2026
Cache sync 46 at Wed Apr 29 19:22:40 UTC 2026
Cache sync 47 at Wed Apr 29 19:22:40 UTC 2026
Cache sync 48 at Wed Apr 29 19:22:40 UTC 2026
Cache sync 49 at Wed Apr 29 19:22:40 UTC 2026
Cache sync 50 at Wed Apr 29 19:22:40 UTC 2026
Cache sync 51 at Wed Apr 29 19:22:40 UTC 2026
Cache sync 52 at Wed Apr 29 19:22:40 UTC 2026
Cache sync 53 at Wed Apr 29 19:22:40 UTC 2026
Cache sync 54 at Wed Apr 29 19:22:40 UTC 2026
Cache sync 55 at Wed Apr 29 19:22:40 UTC 2026
Cache sync 56 at Wed Apr 29 19:22:40 UTC 2026
Cache sync 57 at Wed Apr 29 19:22:40 UTC 2026
Cache sync 58 at Wed Apr 29 19:22:40 UTC 2026
Cache sync 59 at Wed Apr 29 19:22:40 UTC 2026
Cache sync 60 at Wed Apr 29 19:22:40 UTC 2026
Cache sync 61 at Wed Apr 29 19:22:40 UTC 2026
Cache sync 62 at Wed Apr 29 19:22:40 UTC 2026
Cache sync 63 at Wed Apr 29 19:22:40 UTC 2026
Cache sync 64 at Wed Apr 29 19:22:40 UTC 2026
Cache sync 65 at Wed Apr 29 19:22:40 UTC 2026
Cache sync 66 at Wed Apr 29 19:22:40 UTC 2026
Cache sync 67 at Wed Apr 29 19:22:40 UTC 2026
Cache sync 68 at Wed Apr 29 19:22:40 UTC 2026
Cache sync 69 at Wed Apr 29 19:22:40 UTC 2026
Cache sync 70 at Wed Apr 29 19:22:40 UTC 2026
Cache sync 71 at Wed Apr 29 19:22:40 UTC 2026
Cache sync 72 at Wed Apr 29 19:22:40 UTC 2026
Cache sync 73 at Wed Apr 29 19:22:40 UTC 2026
Cache sync 74 at Wed Apr 29 19:22:40 UTC 2026
Cache sync 75 at Wed Apr 29 19:22:40 UTC 2026
Cache sync 76 at Wed Apr 29 19:22:40 UTC 2026
Cache sync 77 at Wed Apr 29 19:22:40 UTC 2026
Cache sync 1 at Thu Apr 30 02:45:39 UTC 2026
Cache sync 2 at Thu Apr 30 02:45:39 UTC 2026
Cache sync 3 at Thu Apr 30 02:45:39 UTC 2026
Cache sync 4 at Thu Apr 30 02:45:39 UTC 2026
Cache sync 5 at Thu Apr 30 02:45:39 UTC 2026
Cache sync 6 at Thu Apr 30 02:45:39 UTC 2026
Cache sync 7 at Thu Apr 30 02:45:39 UTC 2026
Cache sync 8 at Thu Apr 30 02:45:39 UTC 2026
Cache sync 9 at Thu Apr 30 02:45:39 UTC 2026
Cache sync 10 at Thu Apr 30 02:45:39 UTC 2026
Cache sync 11 at Thu Apr 30 02:45:39 UTC 2026
Cache sync 12 at Thu Apr 30 02:45:39 UTC 2026
Cache sync 13 at Thu Apr 30 02:45:39 UTC 2026
Cache sync 14 at Thu Apr 30 02:45:39 UTC 2026
Cache sync 15 at Thu Apr 30 02:45:39 UTC 2026
Cache sync 16 at Thu Apr 30 02:45:39 UTC 2026
Cache sync 17 at Thu Apr 30 02:45:39 UTC 2026
Cache sync 18 at Thu Apr 30 02:45:39 UTC 2026
Cache sync 19 at Thu Apr 30 02:45:39 UTC 2026
Cache sync 20 at Thu Apr 30 02:45:39 UTC 2026
Cache sync 21 at Thu Apr 30 02:45:39 UTC 2026
Cache sync 22 at Thu Apr 30 02:45:39 UTC 2026
Cache sync 23 at Thu Apr 30 02:45:39 UTC 2026
Cache sync 24 at Thu Apr 30 02:45:39 UTC 2026
Cache sync 25 at Thu Apr 30 02:45:39 UTC 2026
Cache sync 26 at Thu Apr 30 02:45:39 UTC 2026
Cache sync 27 at Thu Apr 30 02:45:39 UTC 2026
Cache sync 28 at Thu Apr 30 02:45:39 UTC 2026
Cache sync 29 at Thu Apr 30 02:45:39 UTC 2026
Cache sync 30 at Thu Apr 30 02:45:40 UTC 2026
Cache sync 31 at Thu Apr 30 02:45:40 UTC 2026
Cache sync 32 at Thu Apr 30 02:45:40 UTC 2026
Cache sync 33 at Thu Apr 30 02:45:40 UTC 2026
Cache sync 34 at Thu Apr 30 02:45:40 UTC 2026
Cache sync 35 at Thu Apr 30 02:45:40 UTC 2026
Cache sync 36 at Thu Apr 30 02:45:40 UTC 2026
Cache sync 37 at Thu Apr 30 02:45:40 UTC 2026
Cache sync 38 at Thu Apr 30 02:45:40 UTC 2026
Cache sync 39 at Thu Apr 30 02:45:40 UTC 2026
Cache sync 40 at Thu Apr 30 02:45:40 UTC 2026
Cache sync 41 at Thu Apr 30 02:45:40 UTC 2026
Cache sync 42 at Thu Apr 30 02:45:40 UTC 2026
Cache sync 43 at Thu Apr 30 02:45:40 UTC 2026
Cache sync 44 at Thu Apr 30 02:45:40 UTC 2026
Cache sync 45 at Thu Apr 30 02:45:40 UTC 2026
Cache sync 46 at Thu Apr 30 02:45:40 UTC 2026
Cache sync 47 at Thu Apr 30 02:45:40 UTC 2026
Cache sync 48 at Thu Apr 30 02:45:40 UTC 2026
Cache sync 49 at Thu Apr 30 02:45:40 UTC 2026
Cache sync 50 at Thu Apr 30 02:45:40 UTC 2026
Cache sync 51 at Thu Apr 30 02:45:40 UTC 2026
Cache sync 52 at Thu Apr 30 02:45:40 UTC 2026
Cache sync 53 at Thu Apr 30 02:45:40 UTC 2026
Cache sync 54 at Thu Apr 30 02:45:40 UTC 2026
Cache sync 55 at Thu Apr 30 02:45:40 UTC 2026
Cache sync 56 at Thu Apr 30 02:45:40 UTC 2026
Cache sync 57 at Thu Apr 30 02:45:40 UTC 2026
Cache sync 58 at Thu Apr 30 02:45:40 UTC 2026
Cache sync 1 at Thu Apr 30 08:19:45 UTC 2026
Cache sync 2 at Thu Apr 30 08:19:45 UTC 2026
Cache sync 3 at Thu Apr 30 08:19:45 UTC 2026
Cache sync 4 at Thu Apr 30 08:19:45 UTC 2026
Cache sync 5 at Thu Apr 30 08:19:45 UTC 2026
Cache sync 6 at Thu Apr 30 08:19:45 UTC 2026
Cache sync 7 at Thu Apr 30 08:19:45 UTC 2026
Cache sync 8 at Thu Apr 30 08:19:45 UTC 2026
Cache sync 9 at Thu Apr 30 08:19:45 UTC 2026
Cache sync 10 at Thu Apr 30 08:19:45 UTC 2026
Cache sync 11 at Thu Apr 30 08:19:45 UTC 2026
Cache sync 12 at Thu Apr 30 08:19:45 UTC 2026
Cache sync 13 at Thu Apr 30 08:19:45 UTC 2026
Cache sync 14 at Thu Apr 30 08:19:45 UTC 2026
Cache sync 15 at Thu Apr 30 08:19:45 UTC 2026
Cache sync 16 at Thu Apr 30 08:19:45 UTC 2026
Cache sync 17 at Thu Apr 30 08:19:46 UTC 2026
Cache sync 18 at Thu Apr 30 08:19:46 UTC 2026
Cache sync 19 at Thu Apr 30 08:19:46 UTC 2026
Cache sync 20 at Thu Apr 30 08:19:46 UTC 2026
Cache sync 21 at Thu Apr 30 08:19:46 UTC 2026
Cache sync 22 at Thu Apr 30 08:19:46 UTC 2026
Cache sync 23 at Thu Apr 30 08:19:46 UTC 2026
Cache sync 24 at Thu Apr 30 08:19:46 UTC 2026
Cache sync 25 at Thu Apr 30 08:19:46 UTC 2026
Cache sync 26 at Thu Apr 30 08:19:46 UTC 2026
Cache sync 27 at Thu Apr 30 08:19:46 UTC 2026
Cache sync 28 at Thu Apr 30 08:19:46 UTC 2026
Cache sync 29 at Thu Apr 30 08:19:46 UTC 2026
Cache sync 30 at Thu Apr 30 08:19:46 UTC 2026
Cache sync 31 at Thu Apr 30 08:19:46 UTC 2026
Cache sync 32 at Thu Apr 30 08:19:46 UTC 2026
Cache sync 33 at Thu Apr 30 08:19:46 UTC 2026
Cache sync 34 at Thu Apr 30 08:19:46 UTC 2026
Cache sync 35 at Thu Apr 30 08:19:46 UTC 2026
Cache sync 36 at Thu Apr 30 08:19:46 UTC 2026
Cache sync 37 at Thu Apr 30 08:19:46 UTC 2026
Cache sync 38 at Thu Apr 30 08:19:46 UTC 2026
Cache sync 39 at Thu Apr 30 08:19:46 UTC 2026
Cache sync 40 at Thu Apr 30 08:19:46 UTC 2026
Cache sync 41 at Thu Apr 30 08:19:46 UTC 2026
Cache sync 42 at Thu Apr 30 08:19:46 UTC 2026
Cache sync 43 at Thu Apr 30 08:19:46 UTC 2026
Cache sync 44 at Thu Apr 30 08:19:46 UTC 2026
Cache sync 45 at Thu Apr 30 08:19:46 UTC 2026
Cache sync 46 at Thu Apr 30 08:19:46 UTC 2026
Cache sync 47 at Thu Apr 30 08:19:46 UTC 2026
Cache sync 48 at Thu Apr 30 08:19:46 UTC 2026
Cache sync 49 at Thu Apr 30 08:19:46 UTC 2026
Cache sync 50 at Thu Apr 30 08:19:46 UTC 2026
Cache sync 1 at Thu Apr 30 13:50:27 UTC 2026
Cache sync 2 at Thu Apr 30 13:50:27 UTC 2026
Cache sync 3 at Thu Apr 30 13:50:27 UTC 2026
Cache sync 4 at Thu Apr 30 13:50:27 UTC 2026
Cache sync 5 at Thu Apr 30 13:50:27 UTC 2026
Cache sync 6 at Thu Apr 30 13:50:27 UTC 2026
Cache sync 7 at Thu Apr 30 13:50:27 UTC 2026
Cache sync 8 at Thu Apr 30 13:50:27 UTC 2026
Cache sync 9 at Thu Apr 30 13:50:27 UTC 2026
Cache sync 10 at Thu Apr 30 13:50:27 UTC 2026
Cache sync 11 at Thu Apr 30 13:50:27 UTC 2026
Cache sync 12 at Thu Apr 30 13:50:27 UTC 2026
Cache sync 13 at Thu Apr 30 13:50:27 UTC 2026
Cache sync 14 at Thu Apr 30 13:50:27 UTC 2026
Cache sync 15 at Thu Apr 30 13:50:27 UTC 2026
Cache sync 16 at Thu Apr 30 13:50:27 UTC 2026
Cache sync 17 at Thu Apr 30 13:50:27 UTC 2026
Cache sync 18 at Thu Apr 30 13:50:27 UTC 2026
Cache sync 19 at Thu Apr 30 13:50:27 UTC 2026
Cache sync 20 at Thu Apr 30 13:50:27 UTC 2026
Cache sync 21 at Thu Apr 30 13:50:27 UTC 2026
Cache sync 22 at Thu Apr 30 13:50:27 UTC 2026
Cache sync 23 at Thu Apr 30 13:50:27 UTC 2026
Cache sync 24 at Thu Apr 30 13:50:27 UTC 2026
Cache sync 25 at Thu Apr 30 13:50:27 UTC 2026
Cache sync 26 at Thu Apr 30 13:50:27 UTC 2026
Cache sync 27 at Thu Apr 30 13:50:27 UTC 2026
Cache sync 28 at Thu Apr 30 13:50:27 UTC 2026
Cache sync 29 at Thu Apr 30 13:50:27 UTC 2026
Cache sync 30 at Thu Apr 30 13:50:27 UTC 2026
Cache sync 31 at Thu Apr 30 13:50:27 UTC 2026
Cache sync 32 at Thu Apr 30 13:50:27 UTC 2026
Cache sync 33 at Thu Apr 30 13:50:27 UTC 2026
Cache sync 34 at Thu Apr 30 13:50:27 UTC 2026
Cache sync 35 at Thu Apr 30 13:50:27 UTC 2026
Cache sync 36 at Thu Apr 30 13:50:27 UTC 2026
Cache sync 37 at Thu Apr 30 13:50:27 UTC 2026
Cache sync 38 at Thu Apr 30 13:50:27 UTC 2026
Cache sync 39 at Thu Apr 30 13:50:27 UTC 2026
Cache sync 40 at Thu Apr 30 13:50:27 UTC 2026
Cache sync 41 at Thu Apr 30 13:50:27 UTC 2026
Cache sync 42 at Thu Apr 30 13:50:27 UTC 2026
Cache sync 43 at Thu Apr 30 13:50:27 UTC 2026
Cache sync 1 at Thu Apr 30 19:18:21 UTC 2026
Cache sync 2 at Thu Apr 30 19:18:21 UTC 2026
Cache sync 3 at Thu Apr 30 19:18:21 UTC 2026
Cache sync 4 at Thu Apr 30 19:18:21 UTC 2026
Cache sync 5 at Thu Apr 30 19:18:21 UTC 2026
Cache sync 6 at Thu Apr 30 19:18:21 UTC 2026
Cache sync 7 at Thu Apr 30 19:18:22 UTC 2026
Cache sync 8 at Thu Apr 30 19:18:22 UTC 2026
Cache sync 9 at Thu Apr 30 19:18:22 UTC 2026
Cache sync 10 at Thu Apr 30 19:18:22 UTC 2026
Cache sync 11 at Thu Apr 30 19:18:22 UTC 2026
Cache sync 12 at Thu Apr 30 19:18:22 UTC 2026
Cache sync 13 at Thu Apr 30 19:18:22 UTC 2026
Cache sync 14 at Thu Apr 30 19:18:22 UTC 2026
Cache sync 15 at Thu Apr 30 19:18:22 UTC 2026
Cache sync 16 at Thu Apr 30 19:18:22 UTC 2026
Cache sync 17 at Thu Apr 30 19:18:22 UTC 2026
Cache sync 18 at Thu Apr 30 19:18:22 UTC 2026
Cache sync 19 at Thu Apr 30 19:18:22 UTC 2026
Cache sync 20 at Thu Apr 30 19:18:22 UTC 2026
Cache sync 21 at Thu Apr 30 19:18:22 UTC 2026
Cache sync 22 at Thu Apr 30 19:18:22 UTC 2026
Cache sync 23 at Thu Apr 30 19:18:22 UTC 2026
Cache sync 24 at Thu Apr 30 19:18:22 UTC 2026
Cache sync 25 at Thu Apr 30 19:18:22 UTC 2026
Cache sync 26 at Thu Apr 30 19:18:22 UTC 2026
Cache sync 27 at Thu Apr 30 19:18:22 UTC 2026
Cache sync 28 at Thu Apr 30 19:18:22 UTC 2026
Cache sync 29 at Thu Apr 30 19:18:22 UTC 2026
Cache sync 30 at Thu Apr 30 19:18:22 UTC 2026
Cache sync 31 at Thu Apr 30 19:18:22 UTC 2026
Cache sync 32 at Thu Apr 30 19:18:22 UTC 2026
Cache sync 33 at Thu Apr 30 19:18:22 UTC 2026
Cache sync 34 at Thu Apr 30 19:18:22 UTC 2026
Cache sync 35 at Thu Apr 30 19:18:22 UTC 2026
Cache sync 36 at Thu Apr 30 19:18:22 UTC 2026
Cache sync 37 at Thu Apr 30 19:18:22 UTC 2026
Cache sync 38 at Thu Apr 30 19:18:22 UTC 2026
Cache sync 39 at Thu Apr 30 19:18:22 UTC 2026
Cache sync 40 at Thu Apr 30 19:18:22 UTC 2026
Cache sync 41 at Thu Apr 30 19:18:22 UTC 2026
Cache sync 42 at Thu Apr 30 19:18:22 UTC 2026
Cache sync 43 at Thu Apr 30 19:18:22 UTC 2026
Cache sync 44 at Thu Apr 30 19:18:22 UTC 2026
Cache sync 45 at Thu Apr 30 19:18:22 UTC 2026
Cache sync 46 at Thu Apr 30 19:18:22 UTC 2026
Cache sync 47 at Thu Apr 30 19:18:22 UTC 2026
Cache sync 48 at Thu Apr 30 19:18:22 UTC 2026
Cache sync 49 at Thu Apr 30 19:18:22 UTC 2026
Cache sync 50 at Thu Apr 30 19:18:22 UTC 2026
Cache sync 51 at Thu Apr 30 19:18:22 UTC 2026
Cache sync 52 at Thu Apr 30 19:18:22 UTC 2026
Cache sync 53 at Thu Apr 30 19:18:22 UTC 2026
Cache sync 54 at Thu Apr 30 19:18:22 UTC 2026
Cache sync 55 at Thu Apr 30 19:18:22 UTC 2026
Cache sync 56 at Thu Apr 30 19:18:22 UTC 2026
Cache sync 57 at Thu Apr 30 19:18:22 UTC 2026
Cache sync 58 at Thu Apr 30 19:18:22 UTC 2026
Cache sync 59 at Thu Apr 30 19:18:22 UTC 2026
Cache sync 60 at Thu Apr 30 19:18:22 UTC 2026
Cache sync 61 at Thu Apr 30 19:18:22 UTC 2026
Cache sync 62 at Thu Apr 30 19:18:22 UTC 2026
Cache sync 63 at Thu Apr 30 19:18:22 UTC 2026
Cache sync 64 at Thu Apr 30 19:18:22 UTC 2026
Cache sync 65 at Thu Apr 30 19:18:22 UTC 2026
Cache sync 66 at Thu Apr 30 19:18:22 UTC 2026
Cache sync 67 at Thu Apr 30 19:18:22 UTC 2026
Cache sync 68 at Thu Apr 30 19:18:22 UTC 2026
Cache sync 69 at Thu Apr 30 19:18:22 UTC 2026
Cache sync 70 at Thu Apr 30 19:18:22 UTC 2026
Cache sync 71 at Thu Apr 30 19:18:22 UTC 2026
Cache sync 72 at Thu Apr 30 19:18:22 UTC 2026
Cache sync 73 at Thu Apr 30 19:18:22 UTC 2026
Cache sync 74 at Thu Apr 30 19:18:22 UTC 2026
Cache sync 75 at Thu Apr 30 19:18:22 UTC 2026
Cache sync 76 at Thu Apr 30 19:18:22 UTC 2026
Cache sync 77 at Thu Apr 30 19:18:22 UTC 2026
Cache sync 78 at Thu Apr 30 19:18:22 UTC 2026
Cache sync 79 at Thu Apr 30 19:18:22 UTC 2026
Cache sync 80 at Thu Apr 30 19:18:22 UTC 2026
Cache sync 81 at Thu Apr 30 19:18:22 UTC 2026
Cache sync 82 at Thu Apr 30 19:18:22 UTC 2026
Cache sync 1 at Fri May  1 02:52:21 UTC 2026
Cache sync 2 at Fri May  1 02:52:21 UTC 2026
Cache sync 3 at Fri May  1 02:52:21 UTC 2026
Cache sync 4 at Fri May  1 02:52:21 UTC 2026
Cache sync 5 at Fri May  1 02:52:21 UTC 2026
Cache sync 6 at Fri May  1 02:52:21 UTC 2026
Cache sync 7 at Fri May  1 02:52:21 UTC 2026
Cache sync 8 at Fri May  1 02:52:21 UTC 2026
Cache sync 9 at Fri May  1 02:52:21 UTC 2026
Cache sync 10 at Fri May  1 02:52:21 UTC 2026
Cache sync 11 at Fri May  1 02:52:21 UTC 2026
Cache sync 12 at Fri May  1 02:52:21 UTC 2026
Cache sync 13 at Fri May  1 02:52:21 UTC 2026
Cache sync 14 at Fri May  1 02:52:21 UTC 2026
Cache sync 15 at Fri May  1 02:52:21 UTC 2026
Cache sync 16 at Fri May  1 02:52:21 UTC 2026
Cache sync 17 at Fri May  1 02:52:21 UTC 2026
Cache sync 18 at Fri May  1 02:52:21 UTC 2026
Cache sync 19 at Fri May  1 02:52:22 UTC 2026
Cache sync 20 at Fri May  1 02:52:22 UTC 2026
Cache sync 21 at Fri May  1 02:52:22 UTC 2026
Cache sync 22 at Fri May  1 02:52:22 UTC 2026
Cache sync 23 at Fri May  1 02:52:22 UTC 2026
Cache sync 24 at Fri May  1 02:52:22 UTC 2026
Cache sync 25 at Fri May  1 02:52:22 UTC 2026
Cache sync 26 at Fri May  1 02:52:22 UTC 2026
Cache sync 27 at Fri May  1 02:52:22 UTC 2026
Cache sync 28 at Fri May  1 02:52:22 UTC 2026
Cache sync 29 at Fri May  1 02:52:22 UTC 2026
Cache sync 30 at Fri May  1 02:52:22 UTC 2026
Cache sync 31 at Fri May  1 02:52:22 UTC 2026
Cache sync 32 at Fri May  1 02:52:22 UTC 2026
Cache sync 33 at Fri May  1 02:52:22 UTC 2026
Cache sync 34 at Fri May  1 02:52:22 UTC 2026
Cache sync 35 at Fri May  1 02:52:22 UTC 2026
Cache sync 36 at Fri May  1 02:52:22 UTC 2026
Cache sync 37 at Fri May  1 02:52:22 UTC 2026
Cache sync 38 at Fri May  1 02:52:22 UTC 2026
Cache sync 39 at Fri May  1 02:52:22 UTC 2026
Cache sync 40 at Fri May  1 02:52:22 UTC 2026
Cache sync 41 at Fri May  1 02:52:22 UTC 2026
Cache sync 42 at Fri May  1 02:52:22 UTC 2026
Cache sync 43 at Fri May  1 02:52:22 UTC 2026
Cache sync 44 at Fri May  1 02:52:22 UTC 2026
Cache sync 45 at Fri May  1 02:52:22 UTC 2026
Cache sync 46 at Fri May  1 02:52:22 UTC 2026
Cache sync 47 at Fri May  1 02:52:22 UTC 2026
Cache sync 48 at Fri May  1 02:52:22 UTC 2026
Cache sync 49 at Fri May  1 02:52:22 UTC 2026
Cache sync 50 at Fri May  1 02:52:22 UTC 2026
Cache sync 51 at Fri May  1 02:52:22 UTC 2026
Cache sync 52 at Fri May  1 02:52:22 UTC 2026
Cache sync 53 at Fri May  1 02:52:22 UTC 2026
Cache sync 54 at Fri May  1 02:52:22 UTC 2026
Cache sync 55 at Fri May  1 02:52:22 UTC 2026
Cache sync 56 at Fri May  1 02:52:22 UTC 2026
Cache sync 57 at Fri May  1 02:52:22 UTC 2026
Cache sync 58 at Fri May  1 02:52:22 UTC 2026
Cache sync 59 at Fri May  1 02:52:22 UTC 2026
Cache sync 60 at Fri May  1 02:52:22 UTC 2026
Cache sync 61 at Fri May  1 02:52:22 UTC 2026
Cache sync 62 at Fri May  1 02:52:22 UTC 2026
Cache sync 63 at Fri May  1 02:52:22 UTC 2026
Cache sync 64 at Fri May  1 02:52:22 UTC 2026
Cache sync 65 at Fri May  1 02:52:22 UTC 2026
Cache sync 66 at Fri May  1 02:52:22 UTC 2026
Cache sync 67 at Fri May  1 02:52:22 UTC 2026
Cache sync 68 at Fri May  1 02:52:22 UTC 2026
Cache sync 69 at Fri May  1 02:52:22 UTC 2026
Cache sync 70 at Fri May  1 02:52:22 UTC 2026
Cache sync 71 at Fri May  1 02:52:22 UTC 2026
Cache sync 72 at Fri May  1 02:52:22 UTC 2026
Cache sync 73 at Fri May  1 02:52:22 UTC 2026
Cache sync 74 at Fri May  1 02:52:22 UTC 2026
Cache sync 75 at Fri May  1 02:52:22 UTC 2026
Cache sync 76 at Fri May  1 02:52:22 UTC 2026
Cache sync 1 at Fri May  1 08:09:39 UTC 2026
Cache sync 2 at Fri May  1 08:09:39 UTC 2026
Cache sync 3 at Fri May  1 08:09:39 UTC 2026
Cache sync 4 at Fri May  1 08:09:39 UTC 2026
Cache sync 5 at Fri May  1 08:09:39 UTC 2026
Cache sync 6 at Fri May  1 08:09:39 UTC 2026
Cache sync 7 at Fri May  1 08:09:39 UTC 2026
Cache sync 8 at Fri May  1 08:09:39 UTC 2026
Cache sync 9 at Fri May  1 08:09:39 UTC 2026
Cache sync 10 at Fri May  1 08:09:39 UTC 2026
Cache sync 11 at Fri May  1 08:09:39 UTC 2026
Cache sync 12 at Fri May  1 08:09:39 UTC 2026
Cache sync 13 at Fri May  1 08:09:39 UTC 2026
Cache sync 14 at Fri May  1 08:09:39 UTC 2026
Cache sync 15 at Fri May  1 08:09:39 UTC 2026
Cache sync 16 at Fri May  1 08:09:39 UTC 2026
Cache sync 17 at Fri May  1 08:09:40 UTC 2026
Cache sync 18 at Fri May  1 08:09:40 UTC 2026
Cache sync 19 at Fri May  1 08:09:40 UTC 2026
Cache sync 20 at Fri May  1 08:09:40 UTC 2026
Cache sync 21 at Fri May  1 08:09:40 UTC 2026
Cache sync 22 at Fri May  1 08:09:40 UTC 2026
Cache sync 23 at Fri May  1 08:09:40 UTC 2026
Cache sync 24 at Fri May  1 08:09:40 UTC 2026
Cache sync 25 at Fri May  1 08:09:40 UTC 2026
Cache sync 26 at Fri May  1 08:09:40 UTC 2026
Cache sync 27 at Fri May  1 08:09:40 UTC 2026
Cache sync 28 at Fri May  1 08:09:40 UTC 2026
Cache sync 29 at Fri May  1 08:09:40 UTC 2026
Cache sync 30 at Fri May  1 08:09:40 UTC 2026
Cache sync 31 at Fri May  1 08:09:40 UTC 2026
Cache sync 32 at Fri May  1 08:09:40 UTC 2026
Cache sync 33 at Fri May  1 08:09:40 UTC 2026
Cache sync 34 at Fri May  1 08:09:40 UTC 2026
Cache sync 35 at Fri May  1 08:09:40 UTC 2026
Cache sync 36 at Fri May  1 08:09:40 UTC 2026
Cache sync 37 at Fri May  1 08:09:40 UTC 2026
Cache sync 38 at Fri May  1 08:09:40 UTC 2026
Cache sync 39 at Fri May  1 08:09:40 UTC 2026
Cache sync 40 at Fri May  1 08:09:40 UTC 2026
Cache sync 41 at Fri May  1 08:09:40 UTC 2026
Cache sync 42 at Fri May  1 08:09:40 UTC 2026
Cache sync 43 at Fri May  1 08:09:40 UTC 2026
Cache sync 44 at Fri May  1 08:09:40 UTC 2026
Cache sync 45 at Fri May  1 08:09:40 UTC 2026
Cache sync 46 at Fri May  1 08:09:40 UTC 2026
Cache sync 1 at Fri May  1 13:15:37 UTC 2026
Cache sync 2 at Fri May  1 13:15:37 UTC 2026
Cache sync 3 at Fri May  1 13:15:37 UTC 2026
Cache sync 4 at Fri May  1 13:15:37 UTC 2026
Cache sync 5 at Fri May  1 13:15:37 UTC 2026
Cache sync 6 at Fri May  1 13:15:37 UTC 2026
Cache sync 7 at Fri May  1 13:15:37 UTC 2026
Cache sync 8 at Fri May  1 13:15:37 UTC 2026
Cache sync 9 at Fri May  1 13:15:37 UTC 2026
Cache sync 10 at Fri May  1 13:15:37 UTC 2026
Cache sync 11 at Fri May  1 13:15:37 UTC 2026
Cache sync 12 at Fri May  1 13:15:37 UTC 2026
Cache sync 13 at Fri May  1 13:15:37 UTC 2026
Cache sync 14 at Fri May  1 13:15:37 UTC 2026
Cache sync 15 at Fri May  1 13:15:37 UTC 2026
Cache sync 16 at Fri May  1 13:15:37 UTC 2026
Cache sync 17 at Fri May  1 13:15:37 UTC 2026
Cache sync 18 at Fri May  1 13:15:37 UTC 2026
Cache sync 19 at Fri May  1 13:15:37 UTC 2026
Cache sync 20 at Fri May  1 13:15:37 UTC 2026
Cache sync 21 at Fri May  1 13:15:37 UTC 2026
Cache sync 22 at Fri May  1 13:15:38 UTC 2026
Cache sync 23 at Fri May  1 13:15:38 UTC 2026
Cache sync 24 at Fri May  1 13:15:38 UTC 2026
Cache sync 25 at Fri May  1 13:15:38 UTC 2026
Cache sync 26 at Fri May  1 13:15:38 UTC 2026
Cache sync 27 at Fri May  1 13:15:38 UTC 2026
Cache sync 28 at Fri May  1 13:15:38 UTC 2026
Cache sync 29 at Fri May  1 13:15:38 UTC 2026
Cache sync 30 at Fri May  1 13:15:38 UTC 2026
Cache sync 31 at Fri May  1 13:15:38 UTC 2026
Cache sync 32 at Fri May  1 13:15:38 UTC 2026
Cache sync 33 at Fri May  1 13:15:38 UTC 2026
Cache sync 34 at Fri May  1 13:15:38 UTC 2026
Cache sync 35 at Fri May  1 13:15:38 UTC 2026
Cache sync 36 at Fri May  1 13:15:38 UTC 2026
Cache sync 37 at Fri May  1 13:15:38 UTC 2026
Cache sync 38 at Fri May  1 13:15:38 UTC 2026
Cache sync 39 at Fri May  1 13:15:38 UTC 2026
Cache sync 40 at Fri May  1 13:15:38 UTC 2026
Cache sync 41 at Fri May  1 13:15:38 UTC 2026
Cache sync 42 at Fri May  1 13:15:38 UTC 2026
Cache sync 43 at Fri May  1 13:15:38 UTC 2026
Cache sync 44 at Fri May  1 13:15:38 UTC 2026
Cache sync 45 at Fri May  1 13:15:38 UTC 2026
Cache sync 46 at Fri May  1 13:15:38 UTC 2026
Cache sync 47 at Fri May  1 13:15:38 UTC 2026
Cache sync 48 at Fri May  1 13:15:38 UTC 2026
Cache sync 49 at Fri May  1 13:15:38 UTC 2026
Cache sync 50 at Fri May  1 13:15:38 UTC 2026
Cache sync 51 at Fri May  1 13:15:38 UTC 2026
Cache sync 52 at Fri May  1 13:15:38 UTC 2026
Cache sync 53 at Fri May  1 13:15:38 UTC 2026
Cache sync 54 at Fri May  1 13:15:38 UTC 2026
Cache sync 55 at Fri May  1 13:15:38 UTC 2026
Cache sync 56 at Fri May  1 13:15:38 UTC 2026
Cache sync 57 at Fri May  1 13:15:38 UTC 2026
Cache sync 58 at Fri May  1 13:15:38 UTC 2026
Cache sync 59 at Fri May  1 13:15:38 UTC 2026
Cache sync 60 at Fri May  1 13:15:38 UTC 2026
Cache sync 61 at Fri May  1 13:15:38 UTC 2026
Cache sync 62 at Fri May  1 13:15:38 UTC 2026
Cache sync 63 at Fri May  1 13:15:38 UTC 2026
Cache sync 64 at Fri May  1 13:15:38 UTC 2026
Cache sync 65 at Fri May  1 13:15:38 UTC 2026
Cache sync 66 at Fri May  1 13:15:38 UTC 2026
Cache sync 67 at Fri May  1 13:15:38 UTC 2026
Cache sync 68 at Fri May  1 13:15:38 UTC 2026
Cache sync 69 at Fri May  1 13:15:38 UTC 2026
Cache sync 70 at Fri May  1 13:15:38 UTC 2026
Cache sync 71 at Fri May  1 13:15:38 UTC 2026
Cache sync 72 at Fri May  1 13:15:38 UTC 2026
Cache sync 73 at Fri May  1 13:15:38 UTC 2026
Cache sync 74 at Fri May  1 13:15:38 UTC 2026
Cache sync 75 at Fri May  1 13:15:38 UTC 2026
Cache sync 76 at Fri May  1 13:15:38 UTC 2026
Cache sync 77 at Fri May  1 13:15:38 UTC 2026
Cache sync 78 at Fri May  1 13:15:38 UTC 2026
Cache sync 1 at Fri May  1 19:09:16 UTC 2026
Cache sync 2 at Fri May  1 19:09:16 UTC 2026
Cache sync 3 at Fri May  1 19:09:16 UTC 2026
Cache sync 4 at Fri May  1 19:09:16 UTC 2026
Cache sync 5 at Fri May  1 19:09:16 UTC 2026
Cache sync 6 at Fri May  1 19:09:16 UTC 2026
Cache sync 7 at Fri May  1 19:09:16 UTC 2026
Cache sync 8 at Fri May  1 19:09:16 UTC 2026
Cache sync 9 at Fri May  1 19:09:16 UTC 2026
Cache sync 10 at Fri May  1 19:09:16 UTC 2026
Cache sync 11 at Fri May  1 19:09:16 UTC 2026
Cache sync 12 at Fri May  1 19:09:16 UTC 2026
Cache sync 13 at Fri May  1 19:09:16 UTC 2026
Cache sync 14 at Fri May  1 19:09:16 UTC 2026
Cache sync 15 at Fri May  1 19:09:16 UTC 2026
Cache sync 16 at Fri May  1 19:09:16 UTC 2026
Cache sync 17 at Fri May  1 19:09:16 UTC 2026
Cache sync 18 at Fri May  1 19:09:16 UTC 2026
Cache sync 19 at Fri May  1 19:09:16 UTC 2026
Cache sync 20 at Fri May  1 19:09:16 UTC 2026
Cache sync 21 at Fri May  1 19:09:16 UTC 2026
Cache sync 22 at Fri May  1 19:09:16 UTC 2026
Cache sync 23 at Fri May  1 19:09:16 UTC 2026
Cache sync 24 at Fri May  1 19:09:16 UTC 2026
Cache sync 25 at Fri May  1 19:09:16 UTC 2026
Cache sync 26 at Fri May  1 19:09:16 UTC 2026
Cache sync 27 at Fri May  1 19:09:16 UTC 2026
Cache sync 28 at Fri May  1 19:09:16 UTC 2026
Cache sync 29 at Fri May  1 19:09:16 UTC 2026
Cache sync 30 at Fri May  1 19:09:16 UTC 2026
Cache sync 31 at Fri May  1 19:09:16 UTC 2026
Cache sync 32 at Fri May  1 19:09:16 UTC 2026
Cache sync 33 at Fri May  1 19:09:16 UTC 2026
Cache sync 34 at Fri May  1 19:09:16 UTC 2026
Cache sync 35 at Fri May  1 19:09:16 UTC 2026
Cache sync 36 at Fri May  1 19:09:16 UTC 2026
Cache sync 37 at Fri May  1 19:09:16 UTC 2026
Cache sync 38 at Fri May  1 19:09:16 UTC 2026
Cache sync 39 at Fri May  1 19:09:16 UTC 2026
Cache sync 40 at Fri May  1 19:09:16 UTC 2026
Cache sync 41 at Fri May  1 19:09:16 UTC 2026
Cache sync 42 at Fri May  1 19:09:16 UTC 2026
Cache sync 43 at Fri May  1 19:09:16 UTC 2026
Cache sync 44 at Fri May  1 19:09:16 UTC 2026
Cache sync 45 at Fri May  1 19:09:16 UTC 2026
Cache sync 46 at Fri May  1 19:09:16 UTC 2026
Cache sync 47 at Fri May  1 19:09:16 UTC 2026
Cache sync 48 at Fri May  1 19:09:16 UTC 2026
Cache sync 49 at Fri May  1 19:09:16 UTC 2026
Cache sync 1 at Sat May  2 02:33:35 UTC 2026
Cache sync 2 at Sat May  2 02:33:35 UTC 2026
Cache sync 3 at Sat May  2 02:33:35 UTC 2026
Cache sync 4 at Sat May  2 02:33:36 UTC 2026
Cache sync 5 at Sat May  2 02:33:36 UTC 2026
Cache sync 6 at Sat May  2 02:33:36 UTC 2026
Cache sync 7 at Sat May  2 02:33:36 UTC 2026
Cache sync 8 at Sat May  2 02:33:36 UTC 2026
Cache sync 9 at Sat May  2 02:33:36 UTC 2026
Cache sync 10 at Sat May  2 02:33:36 UTC 2026
Cache sync 11 at Sat May  2 02:33:36 UTC 2026
Cache sync 12 at Sat May  2 02:33:36 UTC 2026
Cache sync 13 at Sat May  2 02:33:36 UTC 2026
Cache sync 14 at Sat May  2 02:33:36 UTC 2026
Cache sync 15 at Sat May  2 02:33:36 UTC 2026
Cache sync 16 at Sat May  2 02:33:36 UTC 2026
Cache sync 17 at Sat May  2 02:33:36 UTC 2026
Cache sync 18 at Sat May  2 02:33:36 UTC 2026
Cache sync 19 at Sat May  2 02:33:36 UTC 2026
Cache sync 20 at Sat May  2 02:33:36 UTC 2026
Cache sync 21 at Sat May  2 02:33:36 UTC 2026
Cache sync 22 at Sat May  2 02:33:36 UTC 2026
Cache sync 23 at Sat May  2 02:33:36 UTC 2026
Cache sync 24 at Sat May  2 02:33:36 UTC 2026
Cache sync 25 at Sat May  2 02:33:36 UTC 2026
Cache sync 26 at Sat May  2 02:33:36 UTC 2026
Cache sync 27 at Sat May  2 02:33:36 UTC 2026
Cache sync 28 at Sat May  2 02:33:36 UTC 2026
Cache sync 29 at Sat May  2 02:33:36 UTC 2026
Cache sync 30 at Sat May  2 02:33:36 UTC 2026
Cache sync 31 at Sat May  2 02:33:36 UTC 2026
Cache sync 32 at Sat May  2 02:33:36 UTC 2026
Cache sync 33 at Sat May  2 02:33:36 UTC 2026
Cache sync 34 at Sat May  2 02:33:36 UTC 2026
Cache sync 35 at Sat May  2 02:33:36 UTC 2026
Cache sync 36 at Sat May  2 02:33:36 UTC 2026
Cache sync 37 at Sat May  2 02:33:36 UTC 2026
Cache sync 38 at Sat May  2 02:33:36 UTC 2026
Cache sync 39 at Sat May  2 02:33:36 UTC 2026
Cache sync 40 at Sat May  2 02:33:36 UTC 2026
Cache sync 41 at Sat May  2 02:33:36 UTC 2026
Cache sync 42 at Sat May  2 02:33:36 UTC 2026
Cache sync 43 at Sat May  2 02:33:36 UTC 2026
Cache sync 44 at Sat May  2 02:33:36 UTC 2026
Cache sync 45 at Sat May  2 02:33:36 UTC 2026
Cache sync 46 at Sat May  2 02:33:36 UTC 2026
Cache sync 47 at Sat May  2 02:33:36 UTC 2026
Cache sync 48 at Sat May  2 02:33:36 UTC 2026
Cache sync 49 at Sat May  2 02:33:36 UTC 2026
Cache sync 50 at Sat May  2 02:33:36 UTC 2026
Cache sync 51 at Sat May  2 02:33:36 UTC 2026
Cache sync 52 at Sat May  2 02:33:36 UTC 2026
Cache sync 53 at Sat May  2 02:33:36 UTC 2026
Cache sync 54 at Sat May  2 02:33:36 UTC 2026
Cache sync 55 at Sat May  2 02:33:36 UTC 2026
Cache sync 56 at Sat May  2 02:33:36 UTC 2026
Cache sync 57 at Sat May  2 02:33:36 UTC 2026
Cache sync 58 at Sat May  2 02:33:36 UTC 2026
Cache sync 59 at Sat May  2 02:33:36 UTC 2026
Cache sync 60 at Sat May  2 02:33:36 UTC 2026
Cache sync 61 at Sat May  2 02:33:36 UTC 2026
Cache sync 62 at Sat May  2 02:33:36 UTC 2026
Cache sync 63 at Sat May  2 02:33:36 UTC 2026
Cache sync 64 at Sat May  2 02:33:36 UTC 2026
Cache sync 65 at Sat May  2 02:33:36 UTC 2026
Cache sync 66 at Sat May  2 02:33:36 UTC 2026
Cache sync 67 at Sat May  2 02:33:36 UTC 2026
Cache sync 68 at Sat May  2 02:33:36 UTC 2026
Cache sync 69 at Sat May  2 02:33:36 UTC 2026
Cache sync 70 at Sat May  2 02:33:36 UTC 2026
Cache sync 71 at Sat May  2 02:33:36 UTC 2026
Cache sync 72 at Sat May  2 02:33:36 UTC 2026
Cache sync 73 at Sat May  2 02:33:36 UTC 2026
Cache sync 74 at Sat May  2 02:33:36 UTC 2026
Cache sync 1 at Sat May  2 07:41:20 UTC 2026
Cache sync 2 at Sat May  2 07:41:20 UTC 2026
Cache sync 3 at Sat May  2 07:41:20 UTC 2026
Cache sync 4 at Sat May  2 07:41:20 UTC 2026
Cache sync 5 at Sat May  2 07:41:20 UTC 2026
Cache sync 6 at Sat May  2 07:41:20 UTC 2026
Cache sync 7 at Sat May  2 07:41:20 UTC 2026
Cache sync 8 at Sat May  2 07:41:20 UTC 2026
Cache sync 9 at Sat May  2 07:41:20 UTC 2026
Cache sync 10 at Sat May  2 07:41:20 UTC 2026
Cache sync 11 at Sat May  2 07:41:20 UTC 2026
Cache sync 12 at Sat May  2 07:41:20 UTC 2026
Cache sync 13 at Sat May  2 07:41:20 UTC 2026
Cache sync 14 at Sat May  2 07:41:20 UTC 2026
Cache sync 15 at Sat May  2 07:41:20 UTC 2026
Cache sync 16 at Sat May  2 07:41:20 UTC 2026
Cache sync 17 at Sat May  2 07:41:20 UTC 2026
Cache sync 18 at Sat May  2 07:41:20 UTC 2026
Cache sync 19 at Sat May  2 07:41:20 UTC 2026
Cache sync 20 at Sat May  2 07:41:20 UTC 2026
Cache sync 21 at Sat May  2 07:41:20 UTC 2026
Cache sync 22 at Sat May  2 07:41:20 UTC 2026
Cache sync 23 at Sat May  2 07:41:20 UTC 2026
Cache sync 24 at Sat May  2 07:41:20 UTC 2026
Cache sync 25 at Sat May  2 07:41:20 UTC 2026
Cache sync 26 at Sat May  2 07:41:20 UTC 2026
Cache sync 27 at Sat May  2 07:41:20 UTC 2026
Cache sync 28 at Sat May  2 07:41:20 UTC 2026
Cache sync 29 at Sat May  2 07:41:20 UTC 2026
Cache sync 30 at Sat May  2 07:41:20 UTC 2026
Cache sync 31 at Sat May  2 07:41:20 UTC 2026
Cache sync 32 at Sat May  2 07:41:20 UTC 2026
Cache sync 33 at Sat May  2 07:41:20 UTC 2026
Cache sync 34 at Sat May  2 07:41:20 UTC 2026
Cache sync 35 at Sat May  2 07:41:20 UTC 2026
Cache sync 36 at Sat May  2 07:41:20 UTC 2026
Cache sync 37 at Sat May  2 07:41:20 UTC 2026
Cache sync 38 at Sat May  2 07:41:20 UTC 2026
Cache sync 39 at Sat May  2 07:41:20 UTC 2026
Cache sync 40 at Sat May  2 07:41:20 UTC 2026
Cache sync 41 at Sat May  2 07:41:20 UTC 2026
Cache sync 42 at Sat May  2 07:41:20 UTC 2026
Cache sync 43 at Sat May  2 07:41:20 UTC 2026
Cache sync 44 at Sat May  2 07:41:20 UTC 2026
Cache sync 45 at Sat May  2 07:41:20 UTC 2026
Cache sync 46 at Sat May  2 07:41:20 UTC 2026
Cache sync 47 at Sat May  2 07:41:20 UTC 2026
Cache sync 48 at Sat May  2 07:41:20 UTC 2026
Cache sync 49 at Sat May  2 07:41:20 UTC 2026
Cache sync 50 at Sat May  2 07:41:20 UTC 2026
Cache sync 1 at Sat May  2 13:06:48 UTC 2026
Cache sync 2 at Sat May  2 13:06:48 UTC 2026
Cache sync 3 at Sat May  2 13:06:48 UTC 2026
Cache sync 4 at Sat May  2 13:06:48 UTC 2026
Cache sync 5 at Sat May  2 13:06:48 UTC 2026
Cache sync 6 at Sat May  2 13:06:48 UTC 2026
Cache sync 7 at Sat May  2 13:06:48 UTC 2026
Cache sync 8 at Sat May  2 13:06:48 UTC 2026
Cache sync 9 at Sat May  2 13:06:48 UTC 2026
Cache sync 10 at Sat May  2 13:06:48 UTC 2026
Cache sync 11 at Sat May  2 13:06:48 UTC 2026
Cache sync 12 at Sat May  2 13:06:48 UTC 2026
Cache sync 13 at Sat May  2 13:06:48 UTC 2026
Cache sync 14 at Sat May  2 13:06:48 UTC 2026
Cache sync 15 at Sat May  2 13:06:48 UTC 2026
Cache sync 16 at Sat May  2 13:06:48 UTC 2026
Cache sync 17 at Sat May  2 13:06:48 UTC 2026
Cache sync 18 at Sat May  2 13:06:48 UTC 2026
Cache sync 19 at Sat May  2 13:06:48 UTC 2026
Cache sync 20 at Sat May  2 13:06:48 UTC 2026
Cache sync 21 at Sat May  2 13:06:48 UTC 2026
Cache sync 22 at Sat May  2 13:06:48 UTC 2026
Cache sync 23 at Sat May  2 13:06:48 UTC 2026
Cache sync 24 at Sat May  2 13:06:48 UTC 2026
Cache sync 25 at Sat May  2 13:06:48 UTC 2026
Cache sync 26 at Sat May  2 13:06:48 UTC 2026
Cache sync 27 at Sat May  2 13:06:48 UTC 2026
Cache sync 28 at Sat May  2 13:06:48 UTC 2026
Cache sync 29 at Sat May  2 13:06:48 UTC 2026
Cache sync 30 at Sat May  2 13:06:48 UTC 2026
Cache sync 31 at Sat May  2 13:06:48 UTC 2026
Cache sync 32 at Sat May  2 13:06:48 UTC 2026
Cache sync 33 at Sat May  2 13:06:48 UTC 2026
Cache sync 34 at Sat May  2 13:06:48 UTC 2026
Cache sync 35 at Sat May  2 13:06:48 UTC 2026
Cache sync 36 at Sat May  2 13:06:48 UTC 2026
Cache sync 37 at Sat May  2 13:06:48 UTC 2026
Cache sync 38 at Sat May  2 13:06:48 UTC 2026
Cache sync 39 at Sat May  2 13:06:48 UTC 2026
Cache sync 40 at Sat May  2 13:06:48 UTC 2026
Cache sync 41 at Sat May  2 13:06:48 UTC 2026
Cache sync 42 at Sat May  2 13:06:48 UTC 2026
Cache sync 43 at Sat May  2 13:06:48 UTC 2026
Cache sync 44 at Sat May  2 13:06:48 UTC 2026
Cache sync 45 at Sat May  2 13:06:48 UTC 2026
Cache sync 46 at Sat May  2 13:06:48 UTC 2026
Cache sync 47 at Sat May  2 13:06:48 UTC 2026
Cache sync 48 at Sat May  2 13:06:48 UTC 2026
Cache sync 49 at Sat May  2 13:06:48 UTC 2026
Cache sync 50 at Sat May  2 13:06:48 UTC 2026
Cache sync 51 at Sat May  2 13:06:48 UTC 2026
Cache sync 52 at Sat May  2 13:06:48 UTC 2026
Cache sync 53 at Sat May  2 13:06:48 UTC 2026
Cache sync 54 at Sat May  2 13:06:48 UTC 2026
Cache sync 55 at Sat May  2 13:06:48 UTC 2026
Cache sync 56 at Sat May  2 13:06:48 UTC 2026
Cache sync 57 at Sat May  2 13:06:48 UTC 2026
Cache sync 58 at Sat May  2 13:06:48 UTC 2026
Cache sync 59 at Sat May  2 13:06:48 UTC 2026
Cache sync 60 at Sat May  2 13:06:48 UTC 2026
Cache sync 61 at Sat May  2 13:06:48 UTC 2026
Cache sync 62 at Sat May  2 13:06:48 UTC 2026
Cache sync 63 at Sat May  2 13:06:48 UTC 2026
Cache sync 64 at Sat May  2 13:06:48 UTC 2026
Cache sync 65 at Sat May  2 13:06:48 UTC 2026
Cache sync 66 at Sat May  2 13:06:48 UTC 2026
Cache sync 67 at Sat May  2 13:06:48 UTC 2026
Cache sync 68 at Sat May  2 13:06:48 UTC 2026
Cache sync 69 at Sat May  2 13:06:48 UTC 2026
Cache sync 70 at Sat May  2 13:06:48 UTC 2026
Cache sync 71 at Sat May  2 13:06:48 UTC 2026
Cache sync 72 at Sat May  2 13:06:48 UTC 2026
Cache sync 73 at Sat May  2 13:06:48 UTC 2026
Cache sync 74 at Sat May  2 13:06:48 UTC 2026
Cache sync 75 at Sat May  2 13:06:48 UTC 2026
Cache sync 1 at Sun May  3 02:44:07 UTC 2026
Cache sync 2 at Sun May  3 02:44:07 UTC 2026
Cache sync 3 at Sun May  3 02:44:07 UTC 2026
Cache sync 4 at Sun May  3 02:44:07 UTC 2026
Cache sync 5 at Sun May  3 02:44:07 UTC 2026
Cache sync 6 at Sun May  3 02:44:07 UTC 2026
Cache sync 7 at Sun May  3 02:44:07 UTC 2026
Cache sync 8 at Sun May  3 02:44:07 UTC 2026
Cache sync 9 at Sun May  3 02:44:07 UTC 2026
Cache sync 10 at Sun May  3 02:44:07 UTC 2026
Cache sync 11 at Sun May  3 02:44:07 UTC 2026
Cache sync 12 at Sun May  3 02:44:07 UTC 2026
Cache sync 13 at Sun May  3 02:44:07 UTC 2026
Cache sync 14 at Sun May  3 02:44:07 UTC 2026
Cache sync 15 at Sun May  3 02:44:07 UTC 2026
Cache sync 16 at Sun May  3 02:44:07 UTC 2026
Cache sync 17 at Sun May  3 02:44:07 UTC 2026
Cache sync 18 at Sun May  3 02:44:07 UTC 2026
Cache sync 19 at Sun May  3 02:44:07 UTC 2026
Cache sync 20 at Sun May  3 02:44:07 UTC 2026
Cache sync 21 at Sun May  3 02:44:07 UTC 2026
Cache sync 22 at Sun May  3 02:44:07 UTC 2026
Cache sync 23 at Sun May  3 02:44:07 UTC 2026
Cache sync 24 at Sun May  3 02:44:07 UTC 2026
Cache sync 25 at Sun May  3 02:44:07 UTC 2026
Cache sync 26 at Sun May  3 02:44:07 UTC 2026
Cache sync 27 at Sun May  3 02:44:07 UTC 2026
Cache sync 28 at Sun May  3 02:44:07 UTC 2026
Cache sync 29 at Sun May  3 02:44:07 UTC 2026
Cache sync 30 at Sun May  3 02:44:07 UTC 2026
Cache sync 31 at Sun May  3 02:44:07 UTC 2026
Cache sync 32 at Sun May  3 02:44:07 UTC 2026
Cache sync 33 at Sun May  3 02:44:07 UTC 2026
Cache sync 34 at Sun May  3 02:44:07 UTC 2026
Cache sync 35 at Sun May  3 02:44:07 UTC 2026
Cache sync 36 at Sun May  3 02:44:07 UTC 2026
Cache sync 37 at Sun May  3 02:44:07 UTC 2026
Cache sync 38 at Sun May  3 02:44:07 UTC 2026
Cache sync 39 at Sun May  3 02:44:07 UTC 2026
Cache sync 40 at Sun May  3 02:44:07 UTC 2026
Cache sync 41 at Sun May  3 02:44:07 UTC 2026
Cache sync 42 at Sun May  3 02:44:07 UTC 2026
Cache sync 43 at Sun May  3 02:44:07 UTC 2026
Cache sync 44 at Sun May  3 02:44:07 UTC 2026
Cache sync 45 at Sun May  3 02:44:07 UTC 2026
Cache sync 46 at Sun May  3 02:44:07 UTC 2026
Cache sync 47 at Sun May  3 02:44:07 UTC 2026
Cache sync 48 at Sun May  3 02:44:07 UTC 2026
Cache sync 49 at Sun May  3 02:44:07 UTC 2026
Cache sync 50 at Sun May  3 02:44:07 UTC 2026
Cache sync 51 at Sun May  3 02:44:07 UTC 2026
Cache sync 52 at Sun May  3 02:44:07 UTC 2026
Cache sync 53 at Sun May  3 02:44:07 UTC 2026
Cache sync 54 at Sun May  3 02:44:07 UTC 2026
Cache sync 55 at Sun May  3 02:44:07 UTC 2026
Cache sync 56 at Sun May  3 02:44:07 UTC 2026
Cache sync 57 at Sun May  3 02:44:07 UTC 2026
Cache sync 58 at Sun May  3 02:44:07 UTC 2026
Cache sync 59 at Sun May  3 02:44:08 UTC 2026
Cache sync 60 at Sun May  3 02:44:08 UTC 2026
Cache sync 61 at Sun May  3 02:44:08 UTC 2026
Cache sync 62 at Sun May  3 02:44:08 UTC 2026
Cache sync 63 at Sun May  3 02:44:08 UTC 2026
Cache sync 64 at Sun May  3 02:44:08 UTC 2026
Cache sync 65 at Sun May  3 02:44:08 UTC 2026
Cache sync 66 at Sun May  3 02:44:08 UTC 2026
Cache sync 1 at Sun May  3 07:59:50 UTC 2026
Cache sync 2 at Sun May  3 07:59:50 UTC 2026
Cache sync 3 at Sun May  3 07:59:50 UTC 2026
Cache sync 4 at Sun May  3 07:59:50 UTC 2026
Cache sync 5 at Sun May  3 07:59:50 UTC 2026
Cache sync 6 at Sun May  3 07:59:50 UTC 2026
Cache sync 7 at Sun May  3 07:59:50 UTC 2026
Cache sync 8 at Sun May  3 07:59:50 UTC 2026
Cache sync 9 at Sun May  3 07:59:50 UTC 2026
Cache sync 10 at Sun May  3 07:59:50 UTC 2026
Cache sync 11 at Sun May  3 07:59:50 UTC 2026
Cache sync 12 at Sun May  3 07:59:50 UTC 2026
Cache sync 13 at Sun May  3 07:59:50 UTC 2026
Cache sync 14 at Sun May  3 07:59:50 UTC 2026
Cache sync 15 at Sun May  3 07:59:50 UTC 2026
Cache sync 16 at Sun May  3 07:59:50 UTC 2026
Cache sync 17 at Sun May  3 07:59:50 UTC 2026
Cache sync 18 at Sun May  3 07:59:50 UTC 2026
Cache sync 19 at Sun May  3 07:59:50 UTC 2026
Cache sync 20 at Sun May  3 07:59:50 UTC 2026
Cache sync 21 at Sun May  3 07:59:50 UTC 2026
Cache sync 22 at Sun May  3 07:59:50 UTC 2026
Cache sync 23 at Sun May  3 07:59:50 UTC 2026
Cache sync 24 at Sun May  3 07:59:50 UTC 2026
Cache sync 25 at Sun May  3 07:59:50 UTC 2026
Cache sync 26 at Sun May  3 07:59:50 UTC 2026
Cache sync 27 at Sun May  3 07:59:50 UTC 2026
Cache sync 28 at Sun May  3 07:59:50 UTC 2026
Cache sync 29 at Sun May  3 07:59:50 UTC 2026
Cache sync 30 at Sun May  3 07:59:50 UTC 2026
Cache sync 31 at Sun May  3 07:59:50 UTC 2026
Cache sync 32 at Sun May  3 07:59:50 UTC 2026
Cache sync 33 at Sun May  3 07:59:50 UTC 2026
Cache sync 34 at Sun May  3 07:59:50 UTC 2026
Cache sync 35 at Sun May  3 07:59:50 UTC 2026
Cache sync 36 at Sun May  3 07:59:50 UTC 2026
Cache sync 37 at Sun May  3 07:59:50 UTC 2026
Cache sync 38 at Sun May  3 07:59:50 UTC 2026
Cache sync 39 at Sun May  3 07:59:50 UTC 2026
Cache sync 40 at Sun May  3 07:59:50 UTC 2026
Cache sync 41 at Sun May  3 07:59:51 UTC 2026
Cache sync 42 at Sun May  3 07:59:51 UTC 2026
Cache sync 43 at Sun May  3 07:59:51 UTC 2026
Cache sync 44 at Sun May  3 07:59:51 UTC 2026
Cache sync 45 at Sun May  3 07:59:51 UTC 2026
Cache sync 46 at Sun May  3 07:59:51 UTC 2026
Cache sync 47 at Sun May  3 07:59:51 UTC 2026
Cache sync 48 at Sun May  3 07:59:51 UTC 2026
Cache sync 49 at Sun May  3 07:59:51 UTC 2026
Cache sync 50 at Sun May  3 07:59:51 UTC 2026
Cache sync 1 at Sun May  3 13:06:03 UTC 2026
Cache sync 2 at Sun May  3 13:06:03 UTC 2026
Cache sync 3 at Sun May  3 13:06:03 UTC 2026
Cache sync 4 at Sun May  3 13:06:03 UTC 2026
Cache sync 5 at Sun May  3 13:06:03 UTC 2026
Cache sync 6 at Sun May  3 13:06:03 UTC 2026
Cache sync 7 at Sun May  3 13:06:03 UTC 2026
Cache sync 8 at Sun May  3 13:06:03 UTC 2026
Cache sync 9 at Sun May  3 13:06:03 UTC 2026
Cache sync 10 at Sun May  3 13:06:03 UTC 2026
Cache sync 11 at Sun May  3 13:06:03 UTC 2026
Cache sync 12 at Sun May  3 13:06:03 UTC 2026
Cache sync 13 at Sun May  3 13:06:03 UTC 2026
Cache sync 14 at Sun May  3 13:06:03 UTC 2026
Cache sync 15 at Sun May  3 13:06:03 UTC 2026
Cache sync 16 at Sun May  3 13:06:03 UTC 2026
Cache sync 17 at Sun May  3 13:06:03 UTC 2026
Cache sync 18 at Sun May  3 13:06:03 UTC 2026
Cache sync 19 at Sun May  3 13:06:03 UTC 2026
Cache sync 20 at Sun May  3 13:06:03 UTC 2026
Cache sync 21 at Sun May  3 13:06:03 UTC 2026
Cache sync 22 at Sun May  3 13:06:03 UTC 2026
Cache sync 23 at Sun May  3 13:06:03 UTC 2026
Cache sync 24 at Sun May  3 13:06:03 UTC 2026
Cache sync 25 at Sun May  3 13:06:03 UTC 2026
Cache sync 26 at Sun May  3 13:06:03 UTC 2026
Cache sync 27 at Sun May  3 13:06:03 UTC 2026
Cache sync 28 at Sun May  3 13:06:03 UTC 2026
Cache sync 29 at Sun May  3 13:06:03 UTC 2026
Cache sync 30 at Sun May  3 13:06:03 UTC 2026
Cache sync 31 at Sun May  3 13:06:03 UTC 2026
Cache sync 32 at Sun May  3 13:06:03 UTC 2026
Cache sync 33 at Sun May  3 13:06:03 UTC 2026
Cache sync 34 at Sun May  3 13:06:03 UTC 2026
Cache sync 35 at Sun May  3 13:06:03 UTC 2026
Cache sync 36 at Sun May  3 13:06:03 UTC 2026
Cache sync 37 at Sun May  3 13:06:03 UTC 2026
Cache sync 38 at Sun May  3 13:06:03 UTC 2026
Cache sync 39 at Sun May  3 13:06:03 UTC 2026
Cache sync 40 at Sun May  3 13:06:04 UTC 2026
Cache sync 41 at Sun May  3 13:06:04 UTC 2026
Cache sync 42 at Sun May  3 13:06:04 UTC 2026
Cache sync 43 at Sun May  3 13:06:04 UTC 2026
Cache sync 44 at Sun May  3 13:06:04 UTC 2026
Cache sync 45 at Sun May  3 13:06:04 UTC 2026
Cache sync 46 at Sun May  3 13:06:04 UTC 2026
Cache sync 47 at Sun May  3 13:06:04 UTC 2026
Cache sync 48 at Sun May  3 13:06:04 UTC 2026
Cache sync 49 at Sun May  3 13:06:04 UTC 2026
Cache sync 50 at Sun May  3 13:06:04 UTC 2026
Cache sync 51 at Sun May  3 13:06:04 UTC 2026
Cache sync 52 at Sun May  3 13:06:04 UTC 2026
Cache sync 53 at Sun May  3 13:06:04 UTC 2026
Cache sync 54 at Sun May  3 13:06:04 UTC 2026
Cache sync 55 at Sun May  3 13:06:04 UTC 2026
Cache sync 56 at Sun May  3 13:06:04 UTC 2026
Cache sync 57 at Sun May  3 13:06:04 UTC 2026
Cache sync 58 at Sun May  3 13:06:04 UTC 2026
Cache sync 59 at Sun May  3 13:06:04 UTC 2026
Cache sync 60 at Sun May  3 13:06:04 UTC 2026
Cache sync 61 at Sun May  3 13:06:04 UTC 2026
Cache sync 62 at Sun May  3 13:06:04 UTC 2026
Cache sync 63 at Sun May  3 13:06:04 UTC 2026
Cache sync 64 at Sun May  3 13:06:04 UTC 2026
Cache sync 65 at Sun May  3 13:06:04 UTC 2026
Cache sync 66 at Sun May  3 13:06:04 UTC 2026
Cache sync 67 at Sun May  3 13:06:04 UTC 2026
Cache sync 68 at Sun May  3 13:06:04 UTC 2026
Cache sync 69 at Sun May  3 13:06:04 UTC 2026
Cache sync 70 at Sun May  3 13:06:04 UTC 2026
Cache sync 71 at Sun May  3 13:06:04 UTC 2026
Cache sync 72 at Sun May  3 13:06:04 UTC 2026
Cache sync 73 at Sun May  3 13:06:04 UTC 2026
Cache sync 74 at Sun May  3 13:06:04 UTC 2026
Cache sync 75 at Sun May  3 13:06:04 UTC 2026
Cache sync 76 at Sun May  3 13:06:04 UTC 2026
Cache sync 77 at Sun May  3 13:06:04 UTC 2026
Cache sync 78 at Sun May  3 13:06:04 UTC 2026
Cache sync 79 at Sun May  3 13:06:04 UTC 2026
Cache sync 80 at Sun May  3 13:06:04 UTC 2026
Cache sync 81 at Sun May  3 13:06:04 UTC 2026
Cache sync 82 at Sun May  3 13:06:04 UTC 2026
Cache sync 1 at Sun May  3 18:57:16 UTC 2026
Cache sync 2 at Sun May  3 18:57:16 UTC 2026
Cache sync 3 at Sun May  3 18:57:16 UTC 2026
Cache sync 4 at Sun May  3 18:57:16 UTC 2026
Cache sync 5 at Sun May  3 18:57:16 UTC 2026
Cache sync 6 at Sun May  3 18:57:16 UTC 2026
Cache sync 7 at Sun May  3 18:57:16 UTC 2026
Cache sync 8 at Sun May  3 18:57:16 UTC 2026
Cache sync 9 at Sun May  3 18:57:16 UTC 2026
Cache sync 10 at Sun May  3 18:57:16 UTC 2026
Cache sync 11 at Sun May  3 18:57:16 UTC 2026
Cache sync 12 at Sun May  3 18:57:16 UTC 2026
Cache sync 13 at Sun May  3 18:57:16 UTC 2026
Cache sync 14 at Sun May  3 18:57:16 UTC 2026
Cache sync 15 at Sun May  3 18:57:16 UTC 2026
Cache sync 16 at Sun May  3 18:57:16 UTC 2026
Cache sync 17 at Sun May  3 18:57:16 UTC 2026
Cache sync 18 at Sun May  3 18:57:17 UTC 2026
Cache sync 19 at Sun May  3 18:57:17 UTC 2026
Cache sync 20 at Sun May  3 18:57:17 UTC 2026
Cache sync 21 at Sun May  3 18:57:17 UTC 2026
Cache sync 22 at Sun May  3 18:57:17 UTC 2026
Cache sync 23 at Sun May  3 18:57:17 UTC 2026
Cache sync 24 at Sun May  3 18:57:17 UTC 2026
Cache sync 25 at Sun May  3 18:57:17 UTC 2026
Cache sync 26 at Sun May  3 18:57:17 UTC 2026
Cache sync 27 at Sun May  3 18:57:17 UTC 2026
Cache sync 28 at Sun May  3 18:57:17 UTC 2026
Cache sync 29 at Sun May  3 18:57:17 UTC 2026
Cache sync 30 at Sun May  3 18:57:17 UTC 2026
Cache sync 31 at Sun May  3 18:57:17 UTC 2026
Cache sync 32 at Sun May  3 18:57:17 UTC 2026
Cache sync 33 at Sun May  3 18:57:17 UTC 2026
Cache sync 34 at Sun May  3 18:57:17 UTC 2026
Cache sync 35 at Sun May  3 18:57:17 UTC 2026
Cache sync 36 at Sun May  3 18:57:18 UTC 2026
Cache sync 37 at Sun May  3 18:57:18 UTC 2026
Cache sync 38 at Sun May  3 18:57:18 UTC 2026
Cache sync 39 at Sun May  3 18:57:18 UTC 2026
Cache sync 40 at Sun May  3 18:57:18 UTC 2026
Cache sync 41 at Sun May  3 18:57:18 UTC 2026
Cache sync 42 at Sun May  3 18:57:18 UTC 2026
Cache sync 43 at Sun May  3 18:57:18 UTC 2026
Cache sync 44 at Sun May  3 18:57:18 UTC 2026
Cache sync 1 at Mon May  4 02:41:56 UTC 2026
Cache sync 2 at Mon May  4 02:41:56 UTC 2026
Cache sync 3 at Mon May  4 02:41:56 UTC 2026
Cache sync 1 at Mon May  4 08:27:19 UTC 2026
Cache sync 2 at Mon May  4 08:27:19 UTC 2026
Cache sync 3 at Mon May  4 08:27:19 UTC 2026
Cache sync 4 at Mon May  4 08:27:19 UTC 2026
Cache sync 5 at Mon May  4 08:27:19 UTC 2026
Cache sync 6 at Mon May  4 08:27:19 UTC 2026
Cache sync 7 at Mon May  4 08:27:19 UTC 2026
Cache sync 8 at Mon May  4 08:27:19 UTC 2026
Cache sync 9 at Mon May  4 08:27:19 UTC 2026
Cache sync 10 at Mon May  4 08:27:19 UTC 2026
Cache sync 11 at Mon May  4 08:27:19 UTC 2026
Cache sync 12 at Mon May  4 08:27:19 UTC 2026
Cache sync 13 at Mon May  4 08:27:19 UTC 2026
Cache sync 14 at Mon May  4 08:27:19 UTC 2026
Cache sync 15 at Mon May  4 08:27:19 UTC 2026
Cache sync 16 at Mon May  4 08:27:19 UTC 2026
Cache sync 17 at Mon May  4 08:27:19 UTC 2026
Cache sync 18 at Mon May  4 08:27:19 UTC 2026
Cache sync 19 at Mon May  4 08:27:19 UTC 2026
Cache sync 20 at Mon May  4 08:27:19 UTC 2026
Cache sync 21 at Mon May  4 08:27:19 UTC 2026
Cache sync 22 at Mon May  4 08:27:19 UTC 2026
Cache sync 23 at Mon May  4 08:27:20 UTC 2026
Cache sync 24 at Mon May  4 08:27:20 UTC 2026
Cache sync 25 at Mon May  4 08:27:20 UTC 2026
Cache sync 26 at Mon May  4 08:27:20 UTC 2026
Cache sync 27 at Mon May  4 08:27:20 UTC 2026
Cache sync 28 at Mon May  4 08:27:20 UTC 2026
Cache sync 29 at Mon May  4 08:27:20 UTC 2026
Cache sync 30 at Mon May  4 08:27:20 UTC 2026
Cache sync 31 at Mon May  4 08:27:20 UTC 2026
Cache sync 32 at Mon May  4 08:27:20 UTC 2026
Cache sync 1 at Mon May  4 13:55:27 UTC 2026
Cache sync 2 at Mon May  4 13:55:27 UTC 2026
Cache sync 3 at Mon May  4 13:55:27 UTC 2026
Cache sync 4 at Mon May  4 13:55:27 UTC 2026
Cache sync 5 at Mon May  4 13:55:27 UTC 2026
Cache sync 6 at Mon May  4 13:55:27 UTC 2026
Cache sync 7 at Mon May  4 13:55:27 UTC 2026
Cache sync 8 at Mon May  4 13:55:27 UTC 2026
Cache sync 1 at Mon May  4 19:26:50 UTC 2026
Cache sync 2 at Mon May  4 19:26:50 UTC 2026
Cache sync 3 at Mon May  4 19:26:50 UTC 2026
Cache sync 4 at Mon May  4 19:26:50 UTC 2026
Cache sync 5 at Mon May  4 19:26:50 UTC 2026
Cache sync 6 at Mon May  4 19:26:50 UTC 2026
Cache sync 7 at Mon May  4 19:26:50 UTC 2026
Cache sync 8 at Mon May  4 19:26:50 UTC 2026
Cache sync 9 at Mon May  4 19:26:50 UTC 2026
Cache sync 10 at Mon May  4 19:26:50 UTC 2026
Cache sync 11 at Mon May  4 19:26:50 UTC 2026
Cache sync 12 at Mon May  4 19:26:50 UTC 2026
Cache sync 13 at Mon May  4 19:26:50 UTC 2026
Cache sync 14 at Mon May  4 19:26:50 UTC 2026
Cache sync 15 at Mon May  4 19:26:50 UTC 2026
Cache sync 16 at Mon May  4 19:26:50 UTC 2026
Cache sync 17 at Mon May  4 19:26:50 UTC 2026
Cache sync 18 at Mon May  4 19:26:50 UTC 2026
Cache sync 19 at Mon May  4 19:26:50 UTC 2026
Cache sync 20 at Mon May  4 19:26:50 UTC 2026
Cache sync 21 at Mon May  4 19:26:50 UTC 2026
Cache sync 22 at Mon May  4 19:26:50 UTC 2026
Cache sync 23 at Mon May  4 19:26:50 UTC 2026
Cache sync 24 at Mon May  4 19:26:50 UTC 2026
Cache sync 1 at Tue May  5 02:35:09 UTC 2026
Cache sync 2 at Tue May  5 02:35:09 UTC 2026
Cache sync 3 at Tue May  5 02:35:09 UTC 2026
Cache sync 4 at Tue May  5 02:35:09 UTC 2026
Cache sync 5 at Tue May  5 02:35:09 UTC 2026
Cache sync 6 at Tue May  5 02:35:09 UTC 2026
Cache sync 7 at Tue May  5 02:35:09 UTC 2026
Cache sync 8 at Tue May  5 02:35:09 UTC 2026
Cache sync 9 at Tue May  5 02:35:09 UTC 2026
Cache sync 10 at Tue May  5 02:35:09 UTC 2026
Cache sync 11 at Tue May  5 02:35:09 UTC 2026
Cache sync 12 at Tue May  5 02:35:09 UTC 2026
Cache sync 13 at Tue May  5 02:35:09 UTC 2026
Cache sync 14 at Tue May  5 02:35:09 UTC 2026
Cache sync 15 at Tue May  5 02:35:09 UTC 2026
Cache sync 16 at Tue May  5 02:35:09 UTC 2026
Cache sync 17 at Tue May  5 02:35:09 UTC 2026
Cache sync 18 at Tue May  5 02:35:09 UTC 2026
Cache sync 19 at Tue May  5 02:35:09 UTC 2026
Cache sync 20 at Tue May  5 02:35:09 UTC 2026
Cache sync 21 at Tue May  5 02:35:09 UTC 2026
Cache sync 22 at Tue May  5 02:35:09 UTC 2026
Cache sync 23 at Tue May  5 02:35:09 UTC 2026
Cache sync 24 at Tue May  5 02:35:09 UTC 2026
Cache sync 25 at Tue May  5 02:35:09 UTC 2026
Cache sync 26 at Tue May  5 02:35:09 UTC 2026
Cache sync 27 at Tue May  5 02:35:09 UTC 2026
Cache sync 28 at Tue May  5 02:35:09 UTC 2026
Cache sync 29 at Tue May  5 02:35:09 UTC 2026
Cache sync 30 at Tue May  5 02:35:09 UTC 2026
Cache sync 31 at Tue May  5 02:35:09 UTC 2026
Cache sync 32 at Tue May  5 02:35:09 UTC 2026
Cache sync 33 at Tue May  5 02:35:09 UTC 2026
Cache sync 34 at Tue May  5 02:35:09 UTC 2026
Cache sync 35 at Tue May  5 02:35:09 UTC 2026
Cache sync 36 at Tue May  5 02:35:09 UTC 2026
Cache sync 37 at Tue May  5 02:35:09 UTC 2026
Cache sync 38 at Tue May  5 02:35:09 UTC 2026
Cache sync 39 at Tue May  5 02:35:09 UTC 2026
Cache sync 40 at Tue May  5 02:35:09 UTC 2026
Cache sync 41 at Tue May  5 02:35:09 UTC 2026
Cache sync 42 at Tue May  5 02:35:09 UTC 2026
Cache sync 43 at Tue May  5 02:35:09 UTC 2026
Cache sync 44 at Tue May  5 02:35:09 UTC 2026
Cache sync 45 at Tue May  5 02:35:09 UTC 2026
Cache sync 46 at Tue May  5 02:35:09 UTC 2026
Cache sync 47 at Tue May  5 02:35:09 UTC 2026
Cache sync 48 at Tue May  5 02:35:09 UTC 2026
Cache sync 49 at Tue May  5 02:35:09 UTC 2026
Cache sync 50 at Tue May  5 02:35:09 UTC 2026
Cache sync 51 at Tue May  5 02:35:09 UTC 2026
Cache sync 52 at Tue May  5 02:35:10 UTC 2026
Cache sync 53 at Tue May  5 02:35:10 UTC 2026
Cache sync 54 at Tue May  5 02:35:10 UTC 2026
Cache sync 55 at Tue May  5 02:35:10 UTC 2026
Cache sync 56 at Tue May  5 02:35:10 UTC 2026
Cache sync 57 at Tue May  5 02:35:10 UTC 2026
Cache sync 58 at Tue May  5 02:35:10 UTC 2026
Cache sync 59 at Tue May  5 02:35:10 UTC 2026
Cache sync 60 at Tue May  5 02:35:10 UTC 2026
Cache sync 61 at Tue May  5 02:35:10 UTC 2026
Cache sync 62 at Tue May  5 02:35:10 UTC 2026
Cache sync 63 at Tue May  5 02:35:10 UTC 2026
Cache sync 64 at Tue May  5 02:35:10 UTC 2026
Cache sync 65 at Tue May  5 02:35:10 UTC 2026
Cache sync 66 at Tue May  5 02:35:10 UTC 2026
Cache sync 67 at Tue May  5 02:35:10 UTC 2026
Cache sync 68 at Tue May  5 02:35:10 UTC 2026
Cache sync 69 at Tue May  5 02:35:10 UTC 2026
Cache sync 70 at Tue May  5 02:35:10 UTC 2026
Cache sync 71 at Tue May  5 02:35:10 UTC 2026
Cache sync 72 at Tue May  5 02:35:10 UTC 2026
Cache sync 73 at Tue May  5 02:35:10 UTC 2026
Cache sync 1 at Tue May  5 08:06:44 UTC 2026
Cache sync 2 at Tue May  5 08:06:44 UTC 2026
Cache sync 3 at Tue May  5 08:06:44 UTC 2026
Cache sync 4 at Tue May  5 08:06:44 UTC 2026
Cache sync 5 at Tue May  5 08:06:44 UTC 2026
Cache sync 6 at Tue May  5 08:06:44 UTC 2026
Cache sync 7 at Tue May  5 08:06:44 UTC 2026
Cache sync 8 at Tue May  5 08:06:44 UTC 2026
Cache sync 9 at Tue May  5 08:06:44 UTC 2026
Cache sync 10 at Tue May  5 08:06:44 UTC 2026
Cache sync 11 at Tue May  5 08:06:44 UTC 2026
Cache sync 12 at Tue May  5 08:06:44 UTC 2026
Cache sync 13 at Tue May  5 08:06:44 UTC 2026
Cache sync 14 at Tue May  5 08:06:44 UTC 2026
Cache sync 15 at Tue May  5 08:06:44 UTC 2026
Cache sync 16 at Tue May  5 08:06:44 UTC 2026
Cache sync 17 at Tue May  5 08:06:44 UTC 2026
Cache sync 18 at Tue May  5 08:06:44 UTC 2026
Cache sync 19 at Tue May  5 08:06:44 UTC 2026
Cache sync 20 at Tue May  5 08:06:44 UTC 2026
Cache sync 21 at Tue May  5 08:06:44 UTC 2026
Cache sync 22 at Tue May  5 08:06:44 UTC 2026
Cache sync 23 at Tue May  5 08:06:44 UTC 2026
Cache sync 24 at Tue May  5 08:06:44 UTC 2026
Cache sync 25 at Tue May  5 08:06:44 UTC 2026
Cache sync 26 at Tue May  5 08:06:44 UTC 2026
Cache sync 27 at Tue May  5 08:06:44 UTC 2026
Cache sync 28 at Tue May  5 08:06:44 UTC 2026
Cache sync 29 at Tue May  5 08:06:44 UTC 2026
Cache sync 30 at Tue May  5 08:06:44 UTC 2026
Cache sync 31 at Tue May  5 08:06:44 UTC 2026
Cache sync 32 at Tue May  5 08:06:44 UTC 2026
Cache sync 33 at Tue May  5 08:06:44 UTC 2026
Cache sync 34 at Tue May  5 08:06:44 UTC 2026
Cache sync 35 at Tue May  5 08:06:44 UTC 2026
Cache sync 36 at Tue May  5 08:06:44 UTC 2026
Cache sync 37 at Tue May  5 08:06:44 UTC 2026
Cache sync 38 at Tue May  5 08:06:44 UTC 2026
Cache sync 39 at Tue May  5 08:06:44 UTC 2026
Cache sync 40 at Tue May  5 08:06:44 UTC 2026
Cache sync 41 at Tue May  5 08:06:44 UTC 2026
Cache sync 42 at Tue May  5 08:06:44 UTC 2026
Cache sync 43 at Tue May  5 08:06:44 UTC 2026
Cache sync 1 at Tue May  5 19:16:21 UTC 2026
Cache sync 2 at Tue May  5 19:16:21 UTC 2026
Cache sync 3 at Tue May  5 19:16:21 UTC 2026
Cache sync 4 at Tue May  5 19:16:22 UTC 2026
Cache sync 5 at Tue May  5 19:16:22 UTC 2026
Cache sync 6 at Tue May  5 19:16:22 UTC 2026
Cache sync 7 at Tue May  5 19:16:22 UTC 2026
Cache sync 8 at Tue May  5 19:16:22 UTC 2026
Cache sync 9 at Tue May  5 19:16:22 UTC 2026
Cache sync 10 at Tue May  5 19:16:22 UTC 2026
Cache sync 11 at Tue May  5 19:16:22 UTC 2026
Cache sync 12 at Tue May  5 19:16:22 UTC 2026
Cache sync 13 at Tue May  5 19:16:22 UTC 2026
Cache sync 14 at Tue May  5 19:16:22 UTC 2026
Cache sync 15 at Tue May  5 19:16:22 UTC 2026
Cache sync 16 at Tue May  5 19:16:22 UTC 2026
Cache sync 17 at Tue May  5 19:16:22 UTC 2026
Cache sync 18 at Tue May  5 19:16:22 UTC 2026
Cache sync 19 at Tue May  5 19:16:22 UTC 2026
Cache sync 20 at Tue May  5 19:16:22 UTC 2026
Cache sync 21 at Tue May  5 19:16:22 UTC 2026
Cache sync 22 at Tue May  5 19:16:22 UTC 2026
Cache sync 23 at Tue May  5 19:16:22 UTC 2026
Cache sync 24 at Tue May  5 19:16:22 UTC 2026
Cache sync 25 at Tue May  5 19:16:22 UTC 2026
Cache sync 26 at Tue May  5 19:16:22 UTC 2026
Cache sync 27 at Tue May  5 19:16:22 UTC 2026
Cache sync 28 at Tue May  5 19:16:22 UTC 2026
Cache sync 29 at Tue May  5 19:16:22 UTC 2026
Cache sync 30 at Tue May  5 19:16:22 UTC 2026
Cache sync 31 at Tue May  5 19:16:22 UTC 2026
Cache sync 32 at Tue May  5 19:16:22 UTC 2026
Cache sync 33 at Tue May  5 19:16:22 UTC 2026
Cache sync 34 at Tue May  5 19:16:22 UTC 2026
Cache sync 35 at Tue May  5 19:16:22 UTC 2026
Cache sync 36 at Tue May  5 19:16:22 UTC 2026
Cache sync 37 at Tue May  5 19:16:22 UTC 2026
Cache sync 38 at Tue May  5 19:16:22 UTC 2026
Cache sync 39 at Tue May  5 19:16:22 UTC 2026
Cache sync 40 at Tue May  5 19:16:22 UTC 2026
Cache sync 41 at Tue May  5 19:16:22 UTC 2026
Cache sync 42 at Tue May  5 19:16:22 UTC 2026
Cache sync 43 at Tue May  5 19:16:22 UTC 2026
Cache sync 44 at Tue May  5 19:16:22 UTC 2026
Cache sync 45 at Tue May  5 19:16:22 UTC 2026
Cache sync 46 at Tue May  5 19:16:22 UTC 2026
Cache sync 47 at Tue May  5 19:16:22 UTC 2026
Cache sync 48 at Tue May  5 19:16:22 UTC 2026
Cache sync 49 at Tue May  5 19:16:22 UTC 2026
Cache sync 50 at Tue May  5 19:16:22 UTC 2026
Cache sync 51 at Tue May  5 19:16:22 UTC 2026
Cache sync 52 at Tue May  5 19:16:22 UTC 2026
Cache sync 53 at Tue May  5 19:16:22 UTC 2026
Cache sync 54 at Tue May  5 19:16:22 UTC 2026
Cache sync 55 at Tue May  5 19:16:22 UTC 2026
Cache sync 56 at Tue May  5 19:16:22 UTC 2026
Cache sync 57 at Tue May  5 19:16:22 UTC 2026
Cache sync 58 at Tue May  5 19:16:22 UTC 2026
Cache sync 59 at Tue May  5 19:16:22 UTC 2026
Cache sync 60 at Tue May  5 19:16:22 UTC 2026
Cache sync 61 at Tue May  5 19:16:22 UTC 2026
Cache sync 62 at Tue May  5 19:16:22 UTC 2026
Cache sync 63 at Tue May  5 19:16:22 UTC 2026
Cache sync 64 at Tue May  5 19:16:22 UTC 2026
Cache sync 65 at Tue May  5 19:16:22 UTC 2026
Cache sync 66 at Tue May  5 19:16:22 UTC 2026
Cache sync 67 at Tue May  5 19:16:22 UTC 2026
Cache sync 68 at Tue May  5 19:16:22 UTC 2026
Cache sync 69 at Tue May  5 19:16:22 UTC 2026
Cache sync 70 at Tue May  5 19:16:22 UTC 2026
Cache sync 71 at Tue May  5 19:16:22 UTC 2026
Cache sync 72 at Tue May  5 19:16:22 UTC 2026
Cache sync 1 at Wed May  6 02:39:33 UTC 2026
Cache sync 2 at Wed May  6 02:39:33 UTC 2026
Cache sync 3 at Wed May  6 02:39:33 UTC 2026
Cache sync 4 at Wed May  6 02:39:33 UTC 2026
Cache sync 5 at Wed May  6 02:39:34 UTC 2026
Cache sync 6 at Wed May  6 02:39:34 UTC 2026
Cache sync 7 at Wed May  6 02:39:34 UTC 2026
Cache sync 8 at Wed May  6 02:39:34 UTC 2026
Cache sync 9 at Wed May  6 02:39:34 UTC 2026
Cache sync 10 at Wed May  6 02:39:34 UTC 2026
Cache sync 11 at Wed May  6 02:39:34 UTC 2026
Cache sync 12 at Wed May  6 02:39:34 UTC 2026
Cache sync 13 at Wed May  6 02:39:34 UTC 2026
Cache sync 14 at Wed May  6 02:39:34 UTC 2026
Cache sync 15 at Wed May  6 02:39:34 UTC 2026
Cache sync 16 at Wed May  6 02:39:34 UTC 2026
Cache sync 17 at Wed May  6 02:39:34 UTC 2026
Cache sync 18 at Wed May  6 02:39:34 UTC 2026
Cache sync 19 at Wed May  6 02:39:34 UTC 2026
Cache sync 1 at Wed May  6 14:05:41 UTC 2026
Cache sync 2 at Wed May  6 14:05:41 UTC 2026
Cache sync 3 at Wed May  6 14:05:41 UTC 2026
Cache sync 4 at Wed May  6 14:05:41 UTC 2026
Cache sync 5 at Wed May  6 14:05:41 UTC 2026
Cache sync 6 at Wed May  6 14:05:41 UTC 2026
Cache sync 7 at Wed May  6 14:05:41 UTC 2026
Cache sync 8 at Wed May  6 14:05:41 UTC 2026
Cache sync 9 at Wed May  6 14:05:41 UTC 2026
Cache sync 10 at Wed May  6 14:05:41 UTC 2026
Cache sync 11 at Wed May  6 14:05:41 UTC 2026
Cache sync 12 at Wed May  6 14:05:41 UTC 2026
Cache sync 13 at Wed May  6 14:05:41 UTC 2026
Cache sync 14 at Wed May  6 14:05:41 UTC 2026
Cache sync 15 at Wed May  6 14:05:41 UTC 2026
Cache sync 16 at Wed May  6 14:05:41 UTC 2026
Cache sync 17 at Wed May  6 14:05:41 UTC 2026
Cache sync 18 at Wed May  6 14:05:41 UTC 2026
Cache sync 19 at Wed May  6 14:05:41 UTC 2026
Cache sync 20 at Wed May  6 14:05:41 UTC 2026
Cache sync 21 at Wed May  6 14:05:41 UTC 2026
Cache sync 22 at Wed May  6 14:05:41 UTC 2026
Cache sync 23 at Wed May  6 14:05:41 UTC 2026
Cache sync 1 at Wed May  6 19:44:16 UTC 2026
Cache sync 2 at Wed May  6 19:44:16 UTC 2026
Cache sync 3 at Wed May  6 19:44:16 UTC 2026
Cache sync 4 at Wed May  6 19:44:16 UTC 2026
Cache sync 5 at Wed May  6 19:44:16 UTC 2026
Cache sync 6 at Wed May  6 19:44:16 UTC 2026
Cache sync 7 at Wed May  6 19:44:16 UTC 2026
Cache sync 8 at Wed May  6 19:44:16 UTC 2026
Cache sync 9 at Wed May  6 19:44:16 UTC 2026
Cache sync 10 at Wed May  6 19:44:16 UTC 2026
Cache sync 11 at Wed May  6 19:44:16 UTC 2026
Cache sync 12 at Wed May  6 19:44:16 UTC 2026
Cache sync 13 at Wed May  6 19:44:16 UTC 2026
Cache sync 14 at Wed May  6 19:44:16 UTC 2026
Cache sync 15 at Wed May  6 19:44:16 UTC 2026
Cache sync 16 at Wed May  6 19:44:16 UTC 2026
Cache sync 17 at Wed May  6 19:44:16 UTC 2026
Cache sync 1 at Thu May  7 02:41:47 UTC 2026
Cache sync 2 at Thu May  7 02:41:47 UTC 2026
Cache sync 3 at Thu May  7 02:41:47 UTC 2026
Cache sync 4 at Thu May  7 02:41:47 UTC 2026
Cache sync 5 at Thu May  7 02:41:47 UTC 2026
Cache sync 6 at Thu May  7 02:41:47 UTC 2026
Cache sync 7 at Thu May  7 02:41:47 UTC 2026
Cache sync 8 at Thu May  7 02:41:47 UTC 2026
Cache sync 9 at Thu May  7 02:41:47 UTC 2026
Cache sync 10 at Thu May  7 02:41:47 UTC 2026
Cache sync 11 at Thu May  7 02:41:47 UTC 2026
Cache sync 12 at Thu May  7 02:41:47 UTC 2026
Cache sync 13 at Thu May  7 02:41:47 UTC 2026
Cache sync 14 at Thu May  7 02:41:47 UTC 2026
Cache sync 15 at Thu May  7 02:41:47 UTC 2026
Cache sync 16 at Thu May  7 02:41:47 UTC 2026
Cache sync 17 at Thu May  7 02:41:47 UTC 2026
Cache sync 18 at Thu May  7 02:41:47 UTC 2026
Cache sync 19 at Thu May  7 02:41:47 UTC 2026
Cache sync 20 at Thu May  7 02:41:47 UTC 2026
Cache sync 1 at Thu May  7 08:31:23 UTC 2026
Cache sync 2 at Thu May  7 08:31:23 UTC 2026
Cache sync 3 at Thu May  7 08:31:23 UTC 2026
Cache sync 4 at Thu May  7 08:31:23 UTC 2026
Cache sync 5 at Thu May  7 08:31:23 UTC 2026
Cache sync 6 at Thu May  7 08:31:23 UTC 2026
Cache sync 7 at Thu May  7 08:31:23 UTC 2026
Cache sync 8 at Thu May  7 08:31:23 UTC 2026
Cache sync 9 at Thu May  7 08:31:23 UTC 2026
Cache sync 10 at Thu May  7 08:31:23 UTC 2026
Cache sync 11 at Thu May  7 08:31:23 UTC 2026
Cache sync 12 at Thu May  7 08:31:24 UTC 2026
Cache sync 13 at Thu May  7 08:31:24 UTC 2026
Cache sync 14 at Thu May  7 08:31:24 UTC 2026
Cache sync 15 at Thu May  7 08:31:24 UTC 2026
Cache sync 16 at Thu May  7 08:31:24 UTC 2026
Cache sync 17 at Thu May  7 08:31:24 UTC 2026
Cache sync 18 at Thu May  7 08:31:24 UTC 2026
Cache sync 19 at Thu May  7 08:31:24 UTC 2026
Cache sync 20 at Thu May  7 08:31:24 UTC 2026
Cache sync 21 at Thu May  7 08:31:24 UTC 2026
Cache sync 22 at Thu May  7 08:31:24 UTC 2026
Cache sync 23 at Thu May  7 08:31:24 UTC 2026
Cache sync 24 at Thu May  7 08:31:24 UTC 2026
Cache sync 25 at Thu May  7 08:31:24 UTC 2026
Cache sync 26 at Thu May  7 08:31:24 UTC 2026
Cache sync 27 at Thu May  7 08:31:24 UTC 2026
Cache sync 28 at Thu May  7 08:31:24 UTC 2026
Cache sync 29 at Thu May  7 08:31:24 UTC 2026
Cache sync 30 at Thu May  7 08:31:24 UTC 2026
Cache sync 31 at Thu May  7 08:31:24 UTC 2026
Cache sync 32 at Thu May  7 08:31:24 UTC 2026
Cache sync 33 at Thu May  7 08:31:24 UTC 2026
Cache sync 34 at Thu May  7 08:31:24 UTC 2026
Cache sync 35 at Thu May  7 08:31:24 UTC 2026
Cache sync 36 at Thu May  7 08:31:24 UTC 2026
Cache sync 37 at Thu May  7 08:31:24 UTC 2026
Cache sync 38 at Thu May  7 08:31:24 UTC 2026
Cache sync 39 at Thu May  7 08:31:24 UTC 2026
Cache sync 40 at Thu May  7 08:31:24 UTC 2026
Cache sync 41 at Thu May  7 08:31:24 UTC 2026
Cache sync 42 at Thu May  7 08:31:24 UTC 2026
Cache sync 43 at Thu May  7 08:31:24 UTC 2026
Cache sync 44 at Thu May  7 08:31:24 UTC 2026
Cache sync 45 at Thu May  7 08:31:24 UTC 2026
Cache sync 46 at Thu May  7 08:31:24 UTC 2026
Cache sync 47 at Thu May  7 08:31:24 UTC 2026
Cache sync 48 at Thu May  7 08:31:24 UTC 2026
Cache sync 49 at Thu May  7 08:31:24 UTC 2026
Cache sync 50 at Thu May  7 08:31:24 UTC 2026
Cache sync 51 at Thu May  7 08:31:24 UTC 2026
Cache sync 52 at Thu May  7 08:31:24 UTC 2026
Cache sync 53 at Thu May  7 08:31:24 UTC 2026
Cache sync 54 at Thu May  7 08:31:24 UTC 2026
Cache sync 55 at Thu May  7 08:31:24 UTC 2026
Cache sync 56 at Thu May  7 08:31:24 UTC 2026
Cache sync 57 at Thu May  7 08:31:24 UTC 2026
Cache sync 58 at Thu May  7 08:31:24 UTC 2026
Cache sync 59 at Thu May  7 08:31:24 UTC 2026
Cache sync 60 at Thu May  7 08:31:24 UTC 2026
Cache sync 61 at Thu May  7 08:31:24 UTC 2026
Cache sync 62 at Thu May  7 08:31:24 UTC 2026
Cache sync 63 at Thu May  7 08:31:24 UTC 2026
Cache sync 64 at Thu May  7 08:31:24 UTC 2026
Cache sync 65 at Thu May  7 08:31:24 UTC 2026
Cache sync 66 at Thu May  7 08:31:24 UTC 2026
Cache sync 67 at Thu May  7 08:31:24 UTC 2026
Cache sync 68 at Thu May  7 08:31:24 UTC 2026
Cache sync 69 at Thu May  7 08:31:24 UTC 2026
Cache sync 70 at Thu May  7 08:31:24 UTC 2026
Cache sync 71 at Thu May  7 08:31:24 UTC 2026
Cache sync 72 at Thu May  7 08:31:24 UTC 2026
Cache sync 73 at Thu May  7 08:31:24 UTC 2026
Cache sync 74 at Thu May  7 08:31:24 UTC 2026
Cache sync 75 at Thu May  7 08:31:24 UTC 2026
Cache sync 76 at Thu May  7 08:31:24 UTC 2026
Cache sync 77 at Thu May  7 08:31:24 UTC 2026
Cache sync 78 at Thu May  7 08:31:24 UTC 2026
Cache sync 79 at Thu May  7 08:31:24 UTC 2026
Cache sync 80 at Thu May  7 08:31:24 UTC 2026
Cache sync 1 at Thu May  7 14:03:16 UTC 2026
Cache sync 2 at Thu May  7 14:03:16 UTC 2026
Cache sync 3 at Thu May  7 14:03:16 UTC 2026
Cache sync 4 at Thu May  7 14:03:16 UTC 2026
Cache sync 5 at Thu May  7 14:03:16 UTC 2026
